0 info it worked if it ends with ok
1 verbose cli [ '/usr/bin/nodejs',
1 verbose cli   '/usr/bin/npm',
1 verbose cli   'install',
1 verbose cli   'csv-write-schema' ]
2 info using npm@2.15.8
3 info using node@v4.4.7
4 verbose install initial load of /home/j2/git-sourceCode/enrich.io-master/package.json
5 verbose installManyTop reading scoped package data from /home/j2/git-sourceCode/enrich.io-master/node_modules/apache-spark-node/package.json
6 verbose installManyTop reading scoped package data from /home/j2/git-sourceCode/enrich.io-master/node_modules/body-parser/package.json
7 verbose installManyTop reading scoped package data from /home/j2/git-sourceCode/enrich.io-master/node_modules/config/package.json
8 verbose installManyTop reading scoped package data from /home/j2/git-sourceCode/enrich.io-master/node_modules/cookie/package.json
9 verbose installManyTop reading scoped package data from /home/j2/git-sourceCode/enrich.io-master/node_modules/cookie-parser/package.json
10 verbose installManyTop reading scoped package data from /home/j2/git-sourceCode/enrich.io-master/node_modules/cross-unzip/package.json
11 verbose installManyTop reading scoped package data from /home/j2/git-sourceCode/enrich.io-master/node_modules/cross-zip/package.json
12 verbose installManyTop reading scoped package data from /home/j2/git-sourceCode/enrich.io-master/node_modules/csv-streamify/package.json
13 verbose installManyTop reading scoped package data from /home/j2/git-sourceCode/enrich.io-master/node_modules/debug/package.json
14 verbose installManyTop reading scoped package data from /home/j2/git-sourceCode/enrich.io-master/node_modules/decompress/package.json
15 verbose installManyTop reading scoped package data from /home/j2/git-sourceCode/enrich.io-master/node_modules/dotenv/package.json
16 verbose installManyTop reading scoped package data from /home/j2/git-sourceCode/enrich.io-master/node_modules/eclairjs/package.json
17 verbose installManyTop reading scoped package data from /home/j2/git-sourceCode/enrich.io-master/node_modules/enum/package.json
18 verbose installManyTop reading scoped package data from /home/j2/git-sourceCode/enrich.io-master/node_modules/express/package.json
19 verbose installManyTop reading scoped package data from /home/j2/git-sourceCode/enrich.io-master/node_modules/express-jwt/package.json
20 verbose installManyTop reading scoped package data from /home/j2/git-sourceCode/enrich.io-master/node_modules/fast-csv/package.json
21 verbose installManyTop reading scoped package data from /home/j2/git-sourceCode/enrich.io-master/node_modules/ftp/package.json
22 verbose installManyTop reading scoped package data from /home/j2/git-sourceCode/enrich.io-master/node_modules/hashmap/package.json
23 verbose installManyTop reading scoped package data from /home/j2/git-sourceCode/enrich.io-master/node_modules/jade/package.json
24 verbose installManyTop reading scoped package data from /home/j2/git-sourceCode/enrich.io-master/node_modules/java/package.json
25 verbose installManyTop reading scoped package data from /home/j2/git-sourceCode/enrich.io-master/node_modules/jsdoc/package.json
26 verbose installManyTop reading scoped package data from /home/j2/git-sourceCode/enrich.io-master/node_modules/jsftp/package.json
27 verbose installManyTop reading scoped package data from /home/j2/git-sourceCode/enrich.io-master/node_modules/jsonwebtoken/package.json
28 verbose installManyTop reading scoped package data from /home/j2/git-sourceCode/enrich.io-master/node_modules/kafka-node/package.json
29 verbose installManyTop reading scoped package data from /home/j2/git-sourceCode/enrich.io-master/node_modules/levenshtein/package.json
30 verbose installManyTop reading scoped package data from /home/j2/git-sourceCode/enrich.io-master/node_modules/line-by-line/package.json
31 verbose installManyTop reading scoped package data from /home/j2/git-sourceCode/enrich.io-master/node_modules/line-reader/package.json
32 verbose installManyTop reading scoped package data from /home/j2/git-sourceCode/enrich.io-master/node_modules/mongodb/package.json
33 verbose installManyTop reading scoped package data from /home/j2/git-sourceCode/enrich.io-master/node_modules/mongoose/package.json
34 verbose installManyTop reading scoped package data from /home/j2/git-sourceCode/enrich.io-master/node_modules/morgan/package.json
35 verbose installManyTop reading scoped package data from /home/j2/git-sourceCode/enrich.io-master/node_modules/mysql/package.json
36 verbose installManyTop reading scoped package data from /home/j2/git-sourceCode/enrich.io-master/node_modules/node-datetime/package.json
37 verbose installManyTop reading scoped package data from /home/j2/git-sourceCode/enrich.io-master/node_modules/node-rest-client/package.json
38 verbose installManyTop reading scoped package data from /home/j2/git-sourceCode/enrich.io-master/node_modules/passport/package.json
39 verbose installManyTop reading scoped package data from /home/j2/git-sourceCode/enrich.io-master/node_modules/passport-local/package.json
40 verbose installManyTop reading scoped package data from /home/j2/git-sourceCode/enrich.io-master/node_modules/redis/package.json
41 verbose installManyTop reading scoped package data from /home/j2/git-sourceCode/enrich.io-master/node_modules/regex/package.json
42 verbose installManyTop reading scoped package data from /home/j2/git-sourceCode/enrich.io-master/node_modules/request/package.json
43 verbose installManyTop reading scoped package data from /home/j2/git-sourceCode/enrich.io-master/node_modules/serve-favicon/package.json
44 verbose installManyTop reading scoped package data from /home/j2/git-sourceCode/enrich.io-master/node_modules/sorted-array/package.json
45 verbose installManyTop reading scoped package data from /home/j2/git-sourceCode/enrich.io-master/node_modules/uglify-js/package.json
46 info package.json debug@2.0.0 No license field.
47 info package.json cross-unzip@0.0.2 No repository field.
48 info package.json cross-unzip@0.0.2 license should be a valid SPDX license expression
49 info package.json express-jwt@3.4.0 No license field.
50 info package.json ftp@0.3.10 No license field.
51 info package.json jsftp@1.5.3 No license field.
52 info package.json line-by-line@0.1.4 No license field.
53 info package.json passport-local@1.0.0 No license field.
54 info package.json regex@0.1.1 'repositories' (plural) Not supported. Please pick one as the 'repository' field
55 info package.json regex@0.1.1 No license field.
56 info package.json enum@2.3.0 No license field.
57 info package.json levenshtein@1.0.5 license should be a valid SPDX license expression
58 info package.json sorted-array@2.0.1 'repositories' (plural) Not supported. Please pick one as the 'repository' field
59 info package.json sorted-array@2.0.1 No license field.
60 verbose readDependencies loading dependencies from /home/j2/git-sourceCode/enrich.io-master/package.json
61 silly cache add args [ 'csv-write-schema', null ]
62 verbose cache add spec csv-write-schema
63 silly cache add parsed spec Result {
63 silly cache add   raw: 'csv-write-schema',
63 silly cache add   scope: null,
63 silly cache add   name: 'csv-write-schema',
63 silly cache add   rawSpec: '',
63 silly cache add   spec: 'latest',
63 silly cache add   type: 'tag' }
64 silly addNamed csv-write-schema@latest
65 verbose addNamed "latest" is being treated as a dist-tag for csv-write-schema
66 info addNameTag [ 'csv-write-schema', 'latest' ]
67 silly mapToRegistry name csv-write-schema
68 silly mapToRegistry using default registry
69 silly mapToRegistry registry https://registry.npmjs.org/
70 silly mapToRegistry data Result {
70 silly mapToRegistry   raw: 'csv-write-schema',
70 silly mapToRegistry   scope: null,
70 silly mapToRegistry   name: 'csv-write-schema',
70 silly mapToRegistry   rawSpec: '',
70 silly mapToRegistry   spec: 'latest',
70 silly mapToRegistry   type: 'tag' }
71 silly mapToRegistry uri https://registry.npmjs.org/csv-write-schema
72 verbose addNameTag registry:https://registry.npmjs.org/csv-write-schema not in flight; fetching
73 verbose request uri https://registry.npmjs.org/csv-write-schema
74 verbose request no auth needed
75 info attempt registry request try #1 at 1:35:18 PM
76 verbose request id 9b3b71e8e3021a46
77 http request GET https://registry.npmjs.org/csv-write-schema
78 http 404 https://registry.npmjs.org/csv-write-schema
79 verbose headers { 'content-type': 'application/json',
79 verbose headers   'cache-control': 'max-age=0',
79 verbose headers   'content-length': '2',
79 verbose headers   'accept-ranges': 'bytes',
79 verbose headers   date: 'Mon, 18 Jul 2016 20:35:19 GMT',
79 verbose headers   via: '1.1 varnish',
79 verbose headers   age: '0',
79 verbose headers   connection: 'keep-alive',
79 verbose headers   'x-served-by': 'cache-sjc3123-SJC',
79 verbose headers   'x-cache': 'MISS',
79 verbose headers   'x-cache-hits': '0',
79 verbose headers   'x-timer': 'S1468874119.714960,VS0,VE43',
79 verbose headers   vary: 'Accept-Encoding' }
80 silly get cb [ 404,
80 silly get   { 'content-type': 'application/json',
80 silly get     'cache-control': 'max-age=0',
80 silly get     'content-length': '2',
80 silly get     'accept-ranges': 'bytes',
80 silly get     date: 'Mon, 18 Jul 2016 20:35:19 GMT',
80 silly get     via: '1.1 varnish',
80 silly get     age: '0',
80 silly get     connection: 'keep-alive',
80 silly get     'x-served-by': 'cache-sjc3123-SJC',
80 silly get     'x-cache': 'MISS',
80 silly get     'x-cache-hits': '0',
80 silly get     'x-timer': 'S1468874119.714960,VS0,VE43',
80 silly get     vary: 'Accept-Encoding' } ]
81 verbose stack Error: Registry returned 404 for GET on https://registry.npmjs.org/csv-write-schema
81 verbose stack     at makeError (/usr/lib/node_modules/npm/node_modules/npm-registry-client/lib/request.js:264:12)
81 verbose stack     at CachingRegistryClient.<anonymous> (/usr/lib/node_modules/npm/node_modules/npm-registry-client/lib/request.js:242:14)
81 verbose stack     at Request._callback (/usr/lib/node_modules/npm/node_modules/npm-registry-client/lib/request.js:172:14)
81 verbose stack     at Request.self.callback (/usr/lib/node_modules/npm/node_modules/request/request.js:200:22)
81 verbose stack     at emitTwo (events.js:87:13)
81 verbose stack     at Request.emit (events.js:172:7)
81 verbose stack     at Request.<anonymous> (/usr/lib/node_modules/npm/node_modules/request/request.js:1067:10)
81 verbose stack     at emitOne (events.js:82:20)
81 verbose stack     at Request.emit (events.js:169:7)
81 verbose stack     at IncomingMessage.<anonymous> (/usr/lib/node_modules/npm/node_modules/request/request.js:988:12)
82 verbose statusCode 404
83 verbose pkgid csv-write-schema
84 verbose cwd /home/j2/git-sourceCode/enrich.io-master
85 error Linux 4.2.0-41-generic
86 error argv "/usr/bin/nodejs" "/usr/bin/npm" "install" "csv-write-schema"
87 error node v4.4.7
88 error npm  v2.15.8
89 error code E404
90 error 404 Registry returned 404 for GET on https://registry.npmjs.org/csv-write-schema
90 error 404
90 error 404 'csv-write-schema' is not in the npm registry.
90 error 404 You should bug the author to publish it (or use the name yourself!)
90 error 404 It was specified as a dependency of 'inference.io'
90 error 404
90 error 404 Note that you can also install from a
90 error 404 tarball, folder, http url, or git url.
91 verbose exit [ 1, true ]
